TN:
SF:src/metric_helpers.ts
FN:14,fetchRepoInfo
FN:26,(anonymous_15)
FN:31,fetchRepoContributors
FN:49,(anonymous_18)
FN:55,fetchRepoLicense
FN:72,(anonymous_21)
FN:79,(anonymous_22)
FN:86,fetchRepoReadme
FN:107,(anonymous_25)
FN:115,(anonymous_26)
FN:129,fetchTsAndJsFiles
FN:145,(anonymous_29)
FN:164,(anonymous_30)
FN:211,(anonymous_31)
FN:224,(anonymous_32)
FN:233,(anonymous_33)
FN:239,createLintDirs
FN:270,fetchLintOutput
FN:279,(anonymous_38)
FN:297,(anonymous_39)
FN:303,getErrorAndWarningCount
FN:320,fetchRepoIssues
FN:337,(anonymous_43)
FN:342,(anonymous_44)
FN:358,(anonymous_45)
FN:364,fetchRepoPinning
FN:377,(anonymous_48)
FN:396,fetchRepoPullRequest
FN:428,(anonymous_51)
FNF:29
FNH:6
FNDA:2,fetchRepoInfo
FNDA:0,(anonymous_15)
FNDA:2,fetchRepoContributors
FNDA:0,(anonymous_18)
FNDA:2,fetchRepoLicense
FNDA:0,(anonymous_21)
FNDA:0,(anonymous_22)
FNDA:3,fetchRepoReadme
FNDA:0,(anonymous_25)
FNDA:0,(anonymous_26)
FNDA:0,fetchTsAndJsFiles
FNDA:0,(anonymous_29)
FNDA:0,(anonymous_30)
FNDA:0,(anonymous_31)
FNDA:0,(anonymous_32)
FNDA:0,(anonymous_33)
FNDA:1,createLintDirs
FNDA:0,fetchLintOutput
FNDA:0,(anonymous_38)
FNDA:0,(anonymous_39)
FNDA:0,getErrorAndWarningCount
FNDA:1,fetchRepoIssues
FNDA:0,(anonymous_43)
FNDA:0,(anonymous_44)
FNDA:0,(anonymous_45)
FNDA:0,fetchRepoPinning
FNDA:0,(anonymous_48)
FNDA:0,fetchRepoPullRequest
FNDA:0,(anonymous_51)
DA:3,1
DA:4,1
DA:5,1
DA:16,2
DA:17,2
DA:22,0
DA:25,2
DA:26,0
DA:33,2
DA:34,2
DA:42,0
DA:43,0
DA:48,2
DA:49,0
DA:51,2
DA:58,2
DA:59,2
DA:67,0
DA:68,0
DA:71,0
DA:72,0
DA:74,0
DA:78,2
DA:79,0
DA:81,2
DA:88,3
DA:89,3
DA:99,0
DA:100,0
DA:101,0
DA:102,0
DA:104,0
DA:106,0
DA:107,0
DA:110,0
DA:114,3
DA:115,0
DA:117,3
DA:132,0
DA:134,0
DA:135,0
DA:136,0
DA:139,0
DA:140,0
DA:142,0
DA:144,0
DA:145,0
DA:147,0
DA:151,0
DA:164,0
DA:165,0
DA:174,0
DA:175,0
DA:178,0
DA:182,0
DA:183,0
DA:185,0
DA:187,0
DA:188,0
DA:199,0
DA:200,0
DA:201,0
DA:202,0
DA:203,0
DA:204,0
DA:205,0
DA:207,0
DA:208,0
DA:210,0
DA:211,0
DA:213,0
DA:216,0
DA:217,0
DA:218,0
DA:219,0
DA:223,0
DA:224,0
DA:229,0
DA:232,0
DA:233,0
DA:240,1
DA:241,1
DA:242,1
DA:261,1
DA:262,1
DA:263,1
DA:264,1
DA:266,0
DA:272,0
DA:273,0
DA:274,0
DA:275,0
DA:276,0
DA:278,0
DA:279,0
DA:281,0
DA:283,0
DA:284,0
DA:287,0
DA:290,0
DA:291,0
DA:296,0
DA:297,0
DA:299,0
DA:305,0
DA:306,0
DA:307,0
DA:308,0
DA:309,0
DA:310,0
DA:311,0
DA:312,0
DA:315,0
DA:322,1
DA:323,1
DA:325,1
DA:334,0
DA:336,0
DA:337,0
DA:339,0
DA:342,0
DA:343,0
DA:345,0
DA:346,0
DA:347,0
DA:348,0
DA:351,0
DA:354,0
DA:357,1
DA:358,0
DA:360,1
DA:365,0
DA:366,0
DA:371,0
DA:372,0
DA:374,0
DA:375,0
DA:376,0
DA:377,0
DA:378,0
DA:379,0
DA:380,0
DA:381,0
DA:383,0
DA:386,0
DA:388,0
DA:391,0
DA:392,0
DA:397,0
DA:398,0
DA:404,0
DA:405,0
DA:407,0
DA:408,0
DA:409,0
DA:410,0
DA:412,0
DA:413,0
DA:419,0
DA:420,0
DA:422,0
DA:428,0
DA:429,0
DA:430,0
DA:434,0
DA:437,0
DA:439,0
DA:441,0
DA:443,0
DA:447,0
DA:452,1
DA:453,1
DA:454,1
DA:455,1
DA:456,1
DA:457,1
DA:458,1
DA:459,1
DA:460,1
LF:179
LH:39
BRDA:25,0,0,0
BRDA:48,1,0,0
BRDA:67,2,0,0
BRDA:67,2,1,0
BRDA:67,3,0,0
BRDA:67,3,1,0
BRDA:67,4,0,0
BRDA:67,4,1,0
BRDA:67,5,0,0
BRDA:67,5,1,0
BRDA:67,6,0,0
BRDA:67,6,1,0
BRDA:67,7,0,0
BRDA:67,7,1,0
BRDA:71,8,0,0
BRDA:78,9,0,0
BRDA:104,10,0,0
BRDA:106,11,0,0
BRDA:114,12,0,0
BRDA:140,13,0,0
BRDA:140,13,1,0
BRDA:140,14,0,0
BRDA:140,14,1,0
BRDA:140,15,0,0
BRDA:140,15,1,0
BRDA:140,16,0,0
BRDA:140,16,1,0
BRDA:142,17,0,0
BRDA:144,18,0,0
BRDA:174,19,0,0
BRDA:174,20,0,0
BRDA:174,20,1,0
BRDA:174,21,0,0
BRDA:174,21,1,0
BRDA:174,22,0,0
BRDA:174,22,1,0
BRDA:175,23,0,0
BRDA:175,23,1,0
BRDA:175,23,2,0
BRDA:175,23,3,0
BRDA:187,24,0,0
BRDA:187,25,0,0
BRDA:187,25,1,0
BRDA:191,26,0,0
BRDA:191,26,1,0
BRDA:191,27,0,0
BRDA:191,27,1,0
BRDA:199,28,0,0
BRDA:199,28,1,0
BRDA:204,29,0,0
BRDA:207,30,0,0
BRDA:207,30,1,0
BRDA:207,31,0,0
BRDA:207,31,1,0
BRDA:208,32,0,0
BRDA:210,33,0,0
BRDA:218,34,0,0
BRDA:223,35,0,0
BRDA:232,36,0,0
BRDA:275,37,0,0
BRDA:278,38,0,0
BRDA:284,39,0,0
BRDA:296,40,0,0
BRDA:309,41,0,0
BRDA:311,42,0,0
BRDA:311,42,1,0
BRDA:334,43,0,0
BRDA:336,44,0,0
BRDA:345,45,0,0
BRDA:345,45,1,0
BRDA:357,46,0,0
BRDA:374,47,0,0
BRDA:374,47,1,0
BRDA:380,48,0,0
BRDA:409,49,0,0
BRDA:412,50,0,0
BRDA:429,51,0,0
BRDA:437,52,0,0
BRDA:437,52,1,0
BRF:79
BRH:0
end_of_record
TN:
SF:src/metrics.ts
FN:29,calcuBusFactor
FN:36,calcRampUpScore
FN:42,calcLicenseScore
FN:53,calcCorrectnessScore
FN:83,calcRespMaintScore
FN:84,(anonymous_18)
FN:98,calcTotalScore
FN:124,get_metric_info
FN:146,(anonymous_23)
FN:152,outputResults
FNF:10
FNH:5
FNDA:0,calcuBusFactor
FNDA:0,calcRampUpScore
FNDA:0,calcLicenseScore
FNDA:1,calcCorrectnessScore
FNDA:1,calcRespMaintScore
FNDA:6,(anonymous_18)
FNDA:1,calcTotalScore
FNDA:0,get_metric_info
FNDA:0,(anonymous_23)
FNDA:1,outputResults
DA:4,1
DA:5,1
DA:6,1
DA:30,0
DA:32,0
DA:37,0
DA:39,0
DA:43,0
DA:44,0
DA:46,0
DA:47,0
DA:50,0
DA:58,1
DA:60,1
DA:61,1
DA:63,1
DA:64,0
DA:65,1
DA:66,0
DA:67,1
DA:68,0
DA:72,1
DA:73,0
DA:75,1
DA:79,1
DA:84,6
DA:85,1
DA:86,1
DA:87,1
DA:88,0
DA:90,1
DA:95,1
DA:107,1
DA:108,1
DA:109,1
DA:110,1
DA:111,1
DA:112,1
DA:113,1
DA:114,1
DA:115,1
DA:116,1
DA:117,1
DA:118,1
DA:119,1
DA:121,1
DA:125,0
DA:126,0
DA:127,0
DA:130,0
DA:131,0
DA:132,0
DA:133,0
DA:134,0
DA:135,0
DA:136,0
DA:137,0
DA:138,0
DA:139,0
DA:140,0
DA:145,0
DA:146,0
DA:153,1
DA:155,1
DA:166,1
DA:167,1
DA:168,1
DA:169,1
DA:170,0
DA:175,1
DA:176,1
DA:177,1
DA:178,1
DA:179,1
DA:180,1
DA:181,1
DA:182,1
LF:77
LH:46
BRDA:46,0,0,0
BRDA:46,1,0,0
BRDA:46,1,1,0
BRDA:46,1,2,0
BRDA:46,1,3,0
BRDA:63,2,0,0
BRDA:63,2,1,1
BRDA:63,3,0,1
BRDA:63,3,1,0
BRDA:65,4,0,0
BRDA:65,4,1,1
BRDA:65,5,0,1
BRDA:65,5,1,0
BRDA:67,6,0,0
BRDA:72,7,0,0
BRDA:72,7,1,1
BRDA:87,8,0,0
BRDA:87,8,1,1
BRDA:145,9,0,0
BRDA:169,10,0,0
BRF:20
BRH:6
end_of_record
